<?xml version="1.0" encoding="utf-8"?><testsuites name="pytest tests"><testsuite name="pytest" errors="0" failures="0" skipped="0" tests="7" time="1.516" timestamp="2026-06-29T07:34:43.296730+00:00" hostname="agent-env-8cf80c8a-962e-492d-ba9c-288871aaec72"><testcase classname="tests.test_contact_api.TestStaticAssets" name="test_audio_file_reachable" time="0.267" /><testcase classname="tests.test_contact_api.TestContact" name="test_contact_valid_payload" time="0.673" /><testcase classname="tests.test_contact_api.TestStaticAssets" name="test_resume_docx_reachable" time="0.132" /><testcase classname="tests.test_contact_api.TestRoot" name="test_root_hello_world" time="0.123" /><testcase classname="tests.test_contact_api.TestContact" name="test_contact_invalid_email" time="0.127" /><testcase classname="tests.test_contact_api.TestContact" name="test_contact_short_message" time="0.096" /><testcase classname="tests.test_contact_api.TestContact" name="test_contact_missing_name" time="0.090" /></testsuite></testsuites>